<?xml version="1.0" encoding="UTF-8"?>
<!-- Generated by org.testng.reporters.JUnitReportReporter -->
<testsuite skipped="0" hostname="DESKTOP-4TP4098" name="scripts.Yahoo" tests="1" failures="0" timestamp="17 Mar 2019 06:06:00 GMT" time="10.713" errors="0">
  <testcase name="Gmail" time="10.713" classname="scripts.Yahoo"/>
</testsuite> <!-- scripts.Yahoo -->
