<?xml version="1.0" encoding="UTF-8"?>
<!-- Generated by org.testng.reporters.JUnitReportReporter -->
<testsuite skipped="0" hostname="DESKTOP-4TP4098" name="scripts.TriphoboAssign$Triphobo" tests="1" failures="0" timestamp="16 Mar 2019 07:19:28 GMT" time="35.034" errors="0">
  <testcase name="Trip" time="35.034" classname="scripts.TriphoboAssign$Triphobo"/>
</testsuite> <!-- scripts.TriphoboAssign$Triphobo -->
