<?xml version="1.0" encoding="UTF-8"?>
<!-- Generated by org.testng.reporters.JUnitReportReporter -->
<testsuite skipped="0" hostname="DESKTOP-4TP4098" name="scripts.GmailLogin" tests="1" failures="0" timestamp="07 Mar 2019 17:58:23 GMT" time="0.012" errors="0">
  <testcase name="Gmail" time="0.012" classname="scripts.GmailLogin"/>
</testsuite> <!-- scripts.GmailLogin -->
