<?xml version="1.0" encoding="UTF-8"?>
<!-- Generated by org.testng.reporters.JUnitReportReporter -->
<testsuite skipped="0" hostname="DESKTOP-4TP4098" name="scripts.testng.TestNGConfig1" tests="3" failures="0" timestamp="16 Mar 2019 07:55:47 GMT" time="0.014" errors="0">
  <testcase name="test2" time="0.003" classname="scripts.testng.TestNGConfig1"/>
  <testcase name="test1" time="0.008" classname="scripts.testng.TestNGConfig1"/>
  <testcase name="test3" time="0.003" classname="scripts.testng.TestNGConfig1"/>
</testsuite> <!-- scripts.testng.TestNGConfig1 -->
