<?xml version="1.0" encoding="UTF-8"?>
<!-- Generated by org.testng.reporters.JUnitReportReporter -->
<testsuite skipped="0" hostname="DESKTOP-4TP4098" name="scripts.GoogleLink" tests="1" failures="0" timestamp="03 Mar 2019 07:44:10 GMT" time="7.878" errors="0">
  <testcase name="AllGoogleLink" time="7.878" classname="scripts.GoogleLink"/>
</testsuite> <!-- scripts.GoogleLink -->
