<?xml version="1.0" encoding="UTF-8"?>
<!-- Generated by org.testng.reporters.JUnitReportReporter -->
<testsuite skipped="0" hostname="DESKTOP-4TP4098" name="scripts.Assignment3" tests="1" failures="0" timestamp="04 Mar 2019 18:22:43 GMT" time="50.561" errors="0">
  <testcase name="flipKarLink" time="50.561" classname="scripts.Assignment3"/>
</testsuite> <!-- scripts.Assignment3 -->
