<?xml version="1.0" encoding="UTF-8"?>
<!-- Generated by org.testng.reporters.JUnitReportReporter -->
<testsuite skipped="0" hostname="DESKTOP-4TP4098" name="scripts.Assignment4" tests="1" failures="0" timestamp="09 Mar 2019 07:09:57 GMT" time="18.663" errors="0">
  <testcase name="Toolsqa" time="18.663" classname="scripts.Assignment4"/>
</testsuite> <!-- scripts.Assignment4 -->
